2022-01-07 15:05:50,939 | [INFO] | 0x004F709DB29F9 - [ATTACH WORKFLOW]
2022-01-07 15:05:50,940 | [DEBUG] | 0x004F709DB29F9 - Getting session info...
2022-01-07 15:05:52,760 | [INFO] | 0x004F709DB29F9 - ➕ Adding device to queue...
2022-01-07 15:05:52,763 | [DEBUG] | 0x004F709DB29F9 - Device has booted...
2022-01-07 15:05:55,143 | [INFO] | 0x004F709DB29F9 - ☠ To proceed, the device will be erased!
2022-01-07 15:05:55,144 | [INFO] | 0x004F709DB29F9 - ⚠⚠⚠ *** You have five seconds to remove the device before it is wiped! *** ⚠⚠⚠
2022-01-07 15:06:00,172 | [INFO] | 0x004F709DB29F9 - 💣 Erasing device...
2022-01-07 15:06:24,633 | [INFO] | 0x004F709DB29F9 - [DETACH WORKFLOW]
2022-01-07 15:06:24,644 | [INFO] | 0x004F709DB29F9 - 💥 Erased device!
2022-01-07 15:07:03,037 | [INFO] | 0x004F709DB29F9 - [ATTACH WORKFLOW]
2022-01-07 15:07:03,038 | [DEBUG] | 0x004F709DB29F9 - Getting session info...
2022-01-07 15:07:05,095 | [INFO] | 0x004F709DB29F9 - ➕ Updating queue...
2022-01-07 15:07:05,097 | [DEBUG] | 0x004F709DB29F9 - Device has booted...
2022-01-07 15:07:05,098 | [INFO] | 0x004F709DB29F9 - ⏳ Waiting for device to finish booting...
2022-01-07 15:08:15,130 | [INFO] | 0x004F709DB29F9 - ⚙ Preparing
2022-01-07 15:08:54,955 | [ERROR] | 0x004F709DB29F9 - ⚠ Failed to prepare device, trying again.
	Error:  The configuration is not available.
2022-01-07 15:08:54,956 | [INFO] | 0x004F709DB29F9 - ☠ To proceed, the device will be erased!
2022-01-07 15:08:54,959 | [INFO] | 0x004F709DB29F9 - ⚠⚠⚠ *** You have five seconds to remove the device before it is wiped! *** ⚠⚠⚠
2022-01-07 15:09:00,026 | [INFO] | 0x004F709DB29F9 - 💣 Erasing device...
2022-01-07 15:09:15,861 | [INFO] | 0x004F709DB29F9 - [DETACH WORKFLOW]
2022-01-07 15:09:15,864 | [INFO] | 0x004F709DB29F9 - 💥 Erased device!
2022-01-07 15:09:54,070 | [INFO] | 0x004F709DB29F9 - [ATTACH WORKFLOW]
2022-01-07 15:09:54,072 | [DEBUG] | 0x004F709DB29F9 - Getting session info...
2022-01-07 15:09:56,063 | [INFO] | 0x004F709DB29F9 - ➕ Updating queue...
2022-01-07 15:09:56,065 | [DEBUG] | 0x004F709DB29F9 - Device has booted...
2022-01-07 15:09:56,066 | [INFO] | 0x004F709DB29F9 - ⏳ Waiting for device to finish booting...
2022-01-07 15:11:06,133 | [INFO] | 0x004F709DB29F9 - ⚙ Preparing
2022-01-07 15:12:31,096 | [INFO] | 0x004F709DB29F9 - 🟢 [DONE] Device has been provisioned, it can be unplugged!
